user_public/build/app/outputs/mapping/release/seeds.txt
com.google.android.gms.internal.auth.zzho: com.google.android.gms.internal.auth.zzho zzl
io.flutter.embedding.engine.renderer.FlutterRenderer$ImageTextureRegistryEntry: long id
com.google.android.gms.internal.firebase-auth-api.zzrv: com.google.android.gms.internal.firebase-auth-api.zzxd zzc
com.google.android.gms.internal.firebase-auth-api.zzjw: com.google.android.gms.internal.firebase-auth-api.zznd zzf
com.google.android.gms.internal.firebase-auth-api.zzaie: java.lang.String zzn
com.google.android.gms.common.internal.BaseGmsClient: int CONNECT_STATE_CONNECTED
com.google.android.gms.internal.firebase-auth-api.zzabl: com.google.android.gms.internal.firebase-auth-api.zzadp zza
org.apache.tika.metadata.HttpHeaders: java.lang.String CONTENT_MD5
com.google.android.gms.internal.firebase-auth-api.zzadb: java.lang.String zzu
com.google.android.recaptcha.internal.zzrc: int zzw
com.google.android.recaptcha.internal.zzp: kotlin.Lazy zzb
org.apache.tika.detect.EmptyDetector: org.apache.tika.detect.EmptyDetector INSTANCE
org.apache.tika.fork.ForkServer: boolean active
com.google.android.gms.internal.firebase-auth-api.zztv: int[] zza
com.google.android.play.core.integrity.ag: android.app.Activity b
com.google.android.recaptcha.internal.zzps: boolean zzb
com.google.android.gms.internal.firebase-auth-api.zzaie: java.util.List zzp
kotlinx.coroutines.scheduling.CoroutineScheduler$Worker: java.lang.Object nextParkedWorker
com.google.android.gms.safetynet.HarmfulAppsData: android.os.Parcelable$Creator CREATOR
com.google.android.gms.internal.firebase-auth-api.zzamy: int[] zzc
com.google.android.recaptcha.internal.zzcv: java.lang.String zzd
com.google.android.recaptcha.internal.zzdt: kotlin.Lazy zze
com.google.android.gms.internal.firebase-auth-api.zzej: java.util.Set zzb
org.apache.tika.metadata.PDF: org.apache.tika.metadata.Property HAS_3D
com.google.android.gms.internal.base.zat: com.google.android.gms.internal.base.zaq zab
com.google.android.recaptcha.internal.zzdl: com.google.android.recaptcha.internal.zzdt zzb
com.google.android.gms.internal.firebase-auth-api.zzew$zza: com.google.android.gms.internal.firebase-auth-api.zzew$zza zzf
com.google.android.gms.internal.auth.zzaq: java.lang.String zzb
com.google.firebase.firestore.proto.Target: com.google.firebase.firestore.proto.Target DEFAULT_INSTANCE
io.flutter.embedding.engine.renderer.FlutterRenderer$ImageReaderSurfaceProducer: io.flutter.embedding.engine.renderer.FlutterRenderer this$0
com.google.android.gms.internal.firebase-auth-api.zzaie: boolean zzi
com.google.android.recaptcha.internal.zzek: java.lang.String zzf
com.google.android.play.core.integrity.model.StandardIntegrityErrorCode: int PLAY_SERVICES_VERSION_OUTDATED
com.google.android.gms.internal.firebase-auth-api.zzabk: com.google.firebase.auth.UserProfileChangeRequest zza
com.google.android.recaptcha.internal.zzfh: com.google.android.recaptcha.internal.zzbr zzb
com.google.android.recaptcha.internal.zzo: com.google.android.recaptcha.internal.zzo zza
com.google.firestore.v1.StructuredAggregationQuery$Aggregation: java.lang.String alias_
com.google.android.recaptcha.internal.zzbp: long zzd
org.apache.tika.fork.ForkClient: java.io.DataOutputStream output
androidx.media3.extractor.metadata.id3.UrlLinkFrame: android.os.Parcelable$Creator CREATOR
com.google.android.recaptcha.internal.zzbj: int zza
com.google.android.gms.internal.firebase-auth-api.zzaed: int zza
org.apache.tika.extractor.RUnpackExtractorFactory: java.util.Set embeddedBytesExcludeEmbeddedResourceTypes
com.google.android.gms.internal.firebase-auth-api.zzfg: com.google.android.gms.internal.firebase-auth-api.zzdr zza
com.google.android.play.core.integrity.bg: java.lang.String a
com.google.android.gms.internal.firebase-auth-api.zzwb$zza: com.google.android.gms.internal.firebase-auth-api.zzwb$zza zzf
com.google.android.gms.internal.firebase-auth-api.zzaeg: java.lang.String zzp
com.google.android.gms.internal.firebase-auth-api.zzagb: java.lang.String zza